INFO:__main__:Extracting DAM positions from filenames....
INFO:__main__:Extracted 20 variables from 20 filenames
INFO:__main__:Loading file data/raw/cool4B.01.15/testing_subset/cool4B.01.15.YJ2.ARC.Xn-029.Yp011.Zn-019191_0001.fits
INFO:__main__:Loading file data/raw/cool4B.01.15/testing_subset/cool4B.01.15.YJ2.ARC.Xn-028.Yp012.Zn-018191_0001.fits
INFO:__main__:Loading file data/raw/cool4B.01.15/testing_subset/cool4B.01.15.YJ2.ARC.Xn-027.Yp013.Zn-017191_0001.fits
INFO:__main__:Loading file data/raw/cool4B.01.15/testing_subset/cool4B.01.15.YJ2.ARC.Xn-026.Yp014.Zn-016191_0001.fits
INFO:__main__:Loading file data/raw/cool4B.01.15/testing_subset/cool4B.01.15.YJ2.ARC.Xn-025.Yp015.Zn-015191_0001.fits
INFO:__main__:Loading file data/raw/cool4B.01.15/testing_subset/cool4B.01.15.YJ2.ARC.Xn-024.Yp016.Zn-014191_0001.fits
INFO:__main__:Loading file data/raw/cool4B.01.15/testing_subset/cool4B.01.15.YJ2.ARC.Xn-023.Yp017.Zn-013191_0001.fits
INFO:__main__:Loading file data/raw/cool4B.01.15/testing_subset/cool4B.01.15.YJ2.ARC.Xn-022.Yp018.Zn-012191_0001.fits
INFO:__main__:Loading file data/raw/cool4B.01.15/testing_subset/cool4B.01.15.YJ2.ARC.Xn-021.Yp019.Zn-011191_0001.fits
INFO:__main__:Loading file data/raw/cool4B.01.15/testing_subset/cool4B.01.15.YJ2.ARC.Xn-020.Yp020.Zn-010191_0001.fits
INFO:__main__:Loading file data/raw/cool4B.01.15/testing_subset/cool4B.01.15.YJ2.ARC.Xn-019.Yp021.Zn-009191_0001.fits
INFO:__main__:Loading file data/raw/cool4B.01.15/testing_subset/cool4B.01.15.YJ2.ARC.Xn-018.Yp022.Zn-008191_0001.fits
INFO:__main__:Loading file data/raw/cool4B.01.15/testing_subset/cool4B.01.15.YJ2.ARC.Xn-017.Yp023.Zn-007191_0001.fits
INFO:__main__:Loading file data/raw/cool4B.01.15/testing_subset/cool4B.01.15.YJ2.ARC.Xn-016.Yp024.Zn-006191_0001.fits
INFO:__main__:Loading file data/raw/cool4B.01.15/testing_subset/cool4B.01.15.YJ2.ARC.Xn-015.Yp025.Zn-005191_0001.fits
INFO:__main__:Loading file data/raw/cool4B.01.15/testing_subset/cool4B.01.15.YJ2.ARC.Xn-014.Yp026.Zn-004191_0001.fits
INFO:__main__:Loading file data/raw/cool4B.01.15/testing_subset/cool4B.01.15.YJ2.ARC.Xn-013.Yp027.Zn-003191_0001.fits
INFO:__main__:Loading file data/raw/cool4B.01.15/testing_subset/cool4B.01.15.YJ2.ARC.Xn-012.Yp028.Zn-002191_0001.fits
INFO:__main__:Loading file data/raw/cool4B.01.15/testing_subset/cool4B.01.15.YJ2.ARC.Xn-011.Yp029.Zn-001191_0001.fits
INFO:__main__:Loading file data/raw/cool4B.01.15/testing_subset/cool4B.01.15.YJ2.ARC.Xn-010.Yp030.Zp000191_0001.fits
INFO:__main__:Subtracting dark frame...
INFO:__main__:Loading dark frame: data/raw/cool4B.01.15/cool4B.01.15.YJ2.DARK.fits
INFO:__main__:Dark subtraction complete.
INFO:__main__:Initializing GUI...
INFO:__main__:Loading points from GUI...
INFO:__main__:Extracting regions around points...
INFO:__main__:Box size: 30
INFO:__main__:Regions extracted.
INFO:__main__:Fitting 2D Gaussian to each region...
INFO:__main__:Fitting complete.
INFO:__main__:Saving table to csv file...
INFO:__main__:Table saved at data/processed/YJ2/
INFO:__main__:Plotting regions...
INFO:__main__:Regions plotted.
